<?xml version="1.0" encoding="UTF-8"?>
<testsuite xmlns:xsi="http://www.w3.org/2001/XMLSchema-instance" xsi:noNamespaceSchemaLocation="https://maven.apache.org/surefire/maven-surefire-plugin/xsd/surefire-test-report-3.0.xsd" version="3.0" name="com.example.consul_demo.ConsulDemoApplicationTests" time="3.931" tests="1" errors="0" skipped="0" failures="0">
  <properties>
[...]
</properties>
  <testcase name="contextLoads" classname="com.example.consul_demo.ConsulDemoApplicationTests" time="0.675">
    <system-out><![CDATA[Standard Commons Logging discovery in action with spring-jcl: please remove commons-logging.jar from classpath in order to avoid potential conflicts
08:44:48.979 [main] INFO org.springframework.test.context.support.AnnotationConfigContextLoaderUtils -- Could not detect default configuration classes for test class [com.example.consul_demo.ConsulDemoApplicationTests]: ConsulDemoApplicationTests does not declare any static, non-private, non-final, nested classes annotated with @Configuration.
08:44:49.145 [main] INFO org.springframework.boot.test.context.SpringBootTestContextBootstrapper -- Found @SpringBootConfiguration com.example.consul_demo.ConsulDemoApplication for test class com.example.consul_demo.ConsulDemoApplicationTests

  .   ____          _            __ _ _
 /\\ / ___'_ __ _ _(_)_ __  __ _ \ \ \ \
( ( )\___ | '_ | '_| | '_ \/ _` | \ \ \ \
 \\/  ___)| |_)| | | | | || (_| |  ) ) ) )
  '  |____| .__|_| |_|_| |_\__, | / / / /
 =========|_|==============|___/=/_/_/_/

 :: Spring Boot ::                (v3.3.1)

2024-07-09T08:44:49.833+05:00  WARN 2002285 --- [consul-demo] [           main] ory$DuplicateJsonObjectContextCustomizer : 

Found multiple occurrences of org.json.JSONObject on the class path:

	jar:file:/home/fsrcodefsr/.m2/repository/org/json/json/20240303/json-20240303.jar!/org/json/JSONObject.class
	jar:file:/home/fsrcodefsr/.m2/repository/com/vaadin/external/google/android-json/0.0.20131108.vaadin1/android-json-0.0.20131108.vaadin1.jar!/org/json/JSONObject.class

You may wish to exclude one of them to ensure predictable runtime behavior

2024-07-09T08:44:49.854+05:00  INFO 2002285 --- [consul-demo] [           main] c.e.c.ConsulDemoApplicationTests         : Starting ConsulDemoApplicationTests using Java 17.0.11 with PID 2002285 (started by fsrcodefsr in /home/fsrcodefsr/Desktop/Spring Apps Infrastructure/consul/consul-demo)
2024-07-09T08:44:49.855+05:00  INFO 2002285 --- [consul-demo] [           main] c.e.c.ConsulDemoApplicationTests         : No active profile set, falling back to 1 default profile: "default"
2024-07-09T08:44:50.631+05:00  INFO 2002285 --- [consul-demo] [           main] faultConfiguringBeanFactoryPostProcessor : No bean named 'errorChannel' has been explicitly defined. Therefore, a default PublishSubscribeChannel will be created.
2024-07-09T08:44:50.640+05:00  INFO 2002285 --- [consul-demo] [           main] faultConfiguringBeanFactoryPostProcessor : No bean named 'integrationHeaderChannelRegistry' has been explicitly defined. Therefore, a default DefaultHeaderChannelRegistry will be created.
2024-07-09T08:44:50.766+05:00  INFO 2002285 --- [consul-demo] [           main] o.s.cloud.context.scope.GenericScope     : BeanFactory id=78d144d4-fb79-36b6-a98d-2dabacd8f83c
2024-07-09T08:44:50.857+05:00  WARN 2002285 --- [consul-demo] [           main] trationDelegate$BeanPostProcessorChecker : Bean 'org.springframework.cloud.client.loadbalancer.LoadBalancerAutoConfiguration$DeferringLoadBalancerInterceptorConfig' of type [org.springframework.cloud.client.loadbalancer.LoadBalancerAutoConfiguration$DeferringLoadBalancerInterceptorConfig] is not eligible for getting processed by all BeanPostProcessors (for example: not eligible for auto-proxying). The currently created BeanPostProcessor [lbRestClientPostProcessor] is declared through a non-static factory method on that class; consider declaring it as static instead.
2024-07-09T08:44:50.860+05:00  WARN 2002285 --- [consul-demo] [           main] trationDelegate$BeanPostProcessorChecker : Bean 'deferringLoadBalancerInterceptor' of type [org.springframework.cloud.client.loadbalancer.DeferringLoadBalancerInterceptor] is not eligible for getting processed by all BeanPostProcessors (for example: not eligible for auto-proxying). Is this bean getting eagerly injected into a currently created BeanPostProcessor [lbRestClientPostProcessor]? Check the corresponding BeanPostProcessor declaration and its dependencies.
2024-07-09T08:44:51.836+05:00  WARN 2002285 --- [consul-demo] [           main] iguration$LoadBalancerCaffeineWarnLogger : Spring Cloud LoadBalancer is currently working with the default cache. While this cache implementation is useful for development and tests, it's recommended to use Caffeine cache in production.You can switch to using Caffeine cache, by adding it and org.springframework.cache.caffeine.CaffeineCacheManager to the classpath.
2024-07-09T08:44:51.915+05:00  INFO 2002285 --- [consul-demo] [           main] o.s.c.s.m.DirectWithAttributesChannel    : Channel 'consul-demo.springCloudBusInput' has 1 subscriber(s).
2024-07-09T08:44:52.000+05:00  INFO 2002285 --- [consul-demo] [           main] o.s.i.endpoint.EventDrivenConsumer       : Adding {logging-channel-adapter:_org.springframework.integration.errorLogger} as a subscriber to the 'errorChannel' channel
2024-07-09T08:44:52.000+05:00  INFO 2002285 --- [consul-demo] [           main] o.s.i.channel.PublishSubscribeChannel    : Channel 'consul-demo.errorChannel' has 1 subscriber(s).
2024-07-09T08:44:52.000+05:00  INFO 2002285 --- [consul-demo] [           main] o.s.i.endpoint.EventDrivenConsumer       : started bean '_org.springframework.integration.errorLogger'
2024-07-09T08:44:52.004+05:00  INFO 2002285 --- [consul-demo] [           main] o.s.c.s.binder.DefaultBinderFactory      : Creating binder: consul
2024-07-09T08:44:52.004+05:00  INFO 2002285 --- [consul-demo] [           main] o.s.c.s.binder.DefaultBinderFactory      : Constructing binder child context for consul
2024-07-09T08:44:52.027+05:00  INFO 2002285 --- [consul-demo] [           main] o.s.c.s.binder.DefaultBinderFactory      : Caching the binder: consul
2024-07-09T08:44:52.032+05:00  INFO 2002285 --- [consul-demo] [           main] o.s.c.c.b.ConsulInboundMessageProducer   : started org.springframework.cloud.consul.binder.ConsulInboundMessageProducer@636fccb0
2024-07-09T08:44:52.047+05:00  INFO 2002285 --- [consul-demo] [           main] c.e.c.ConsulDemoApplicationTests         : Started ConsulDemoApplicationTests in 2.745 seconds (process running for 3.765)
]]></system-out>
  </testcase>
</testsuite>